<?xml version="1.0" encoding="UTF-8"?>
<testng-results ignored="0" total="1" passed="1" failed="0" skipped="0">
  <reporter-output>
  </reporter-output>
  <suite started-at="2020-05-11T15:49:10Z" name="Default suite" finished-at="2020-05-11T15:50:00Z" duration-ms="49657">
    <groups>
    </groups>
    <test started-at="2020-05-11T15:49:10Z" name="Default test" finished-at="2020-05-11T15:50:00Z" duration-ms="49657">
      <class name="Week.Azure">
        <test-method signature="evaluationTWOTc()[pri:0, instance:Week.Azure@298a5e20]" started-at="2020-05-11T15:49:10Z" name="evaluationTWOTc" finished-at="2020-05-11T15:50:00Z" duration-ms="49630" status="PASS">
          <reporter-output>
          </reporter-output>
        </test-method> <!-- evaluationTWOTc -->
      </class> <!-- Week.Azure -->
    </test> <!-- Default test -->
  </suite> <!-- Default suite -->
</testng-results>
