<?xml version="1.0" encoding="UTF-8"?>
<testng-results ignored="0" total="1" passed="1" failed="0" skipped="0">
  <reporter-output>
  </reporter-output>
  <suite started-at="2020-05-11T14:16:51Z" name="Default suite" finished-at="2020-05-11T14:17:39Z" duration-ms="47746">
    <groups>
    </groups>
    <test started-at="2020-05-11T14:16:51Z" name="Default test" finished-at="2020-05-11T14:17:39Z" duration-ms="47746">
      <class name="Week1.Azure">
        <test-method signature="evaluationTWOTc()[pri:0, instance:Week1.Azure@298a5e20]" started-at="2020-05-11T14:16:51Z" name="evaluationTWOTc" finished-at="2020-05-11T14:17:39Z" duration-ms="47723" status="PASS">
          <reporter-output>
          </reporter-output>
        </test-method> <!-- evaluationTWOTc -->
      </class> <!-- Week1.Azure -->
    </test> <!-- Default test -->
  </suite> <!-- Default suite -->
</testng-results>
